# Logfile created on 2014-01-28 10:20:52 +0100 by logger.rb/44203
I, [2014-01-28T10:20:52.288676 #25100]  INFO -- : 0:  i18n (0.6.9) from /Users/joszczepanska/.rvm/gems/ruby-1.9.3-p484/specifications/i18n-0.6.9.gemspec
I, [2014-01-28T10:20:52.819589 #25100]  INFO -- : 0:  multi_json (1.8.4) from /Users/joszczepanska/.rvm/gems/ruby-1.9.3-p484/specifications/multi_json-1.8.4.gemspec
I, [2014-01-28T10:20:52.819933 #25100]  INFO -- : 0:  activesupport (3.2.16) from /Users/joszczepanska/.rvm/gems/ruby-1.9.3-p484/specifications/activesupport-3.2.16.gemspec
I, [2014-01-28T10:20:53.348910 #25100]  INFO -- : 0:  builder (3.2.2) from /Users/joszczepanska/.rvm/gems/ruby-1.9.3-p484/specifications/builder-3.2.2.gemspec
I, [2014-01-28T10:20:53.349223 #25100]  INFO -- : 0:  chunky_png (1.2.9) from /Users/joszczepanska/.rvm/gems/ruby-1.9.3-p484/specifications/chunky_png-1.2.9.gemspec
I, [2014-01-28T10:20:53.349467 #25100]  INFO -- : 0:  coffee-script-source (1.6.3) from /Users/joszczepanska/.rvm/gems/ruby-1.9.3-p484/specifications/coffee-script-source-1.6.3.gemspec
I, [2014-01-28T10:20:53.349693 #25100]  INFO -- : 0:  execjs (1.4.0) from /Users/joszczepanska/.rvm/gems/ruby-1.9.3-p484/specifications/execjs-1.4.0.gemspec
I, [2014-01-28T10:20:53.349919 #25100]  INFO -- : 0:  coffee-script (2.2.0) from /Users/joszczepanska/.rvm/gems/ruby-1.9.3-p484/specifications/coffee-script-2.2.0.gemspec
I, [2014-01-28T10:20:53.840469 #25100]  INFO -- : 0:  colorize (0.6.0) from /Users/joszczepanska/.rvm/gems/ruby-1.9.3-p484/specifications/colorize-0.6.0.gemspec
I, [2014-01-28T10:20:54.368978 #25100]  INFO -- : 0:  fssm (0.2.10) from /Users/joszczepanska/.rvm/gems/ruby-1.9.3-p484/specifications/fssm-0.2.10.gemspec
I, [2014-01-28T10:20:55.290595 #25100]  INFO -- : 0:  sass (3.2.14) from /Users/joszczepanska/.rvm/gems/ruby-1.9.3-p484/specifications/sass-3.2.14.gemspec
I, [2014-01-28T10:20:57.133925 #25100]  INFO -- : 0:  compass (0.12.2) from /Users/joszczepanska/.rvm/gems/ruby-1.9.3-p484/specifications/compass-0.12.2.gemspec
I, [2014-01-28T10:20:57.134241 #25100]  INFO -- : 0:  eventmachine (1.0.3) from /Users/joszczepanska/.rvm/gems/ruby-1.9.3-p484/specifications/eventmachine-1.0.3.gemspec
I, [2014-01-28T10:20:58.279218 #25100]  INFO -- : 0:  http_parser.rb (0.5.3) from /Users/joszczepanska/.rvm/gems/ruby-1.9.3-p484/specifications/http_parser.rb-0.5.3.gemspec
I, [2014-01-28T10:20:58.846206 #25100]  INFO -- : 0:  em-websocket (0.5.0) from /Users/joszczepanska/.rvm/gems/ruby-1.9.3-p484/specifications/em-websocket-0.5.0.gemspec
I, [2014-01-28T10:20:58.846545 #25100]  INFO -- : 0:  excon (0.31.0) from /Users/joszczepanska/.rvm/gems/ruby-1.9.3-p484/specifications/excon-0.31.0.gemspec
I, [2014-01-28T10:20:58.846800 #25100]  INFO -- : 0:  ffi (1.9.3) from /Users/joszczepanska/.rvm/gems/ruby-1.9.3-p484/specifications/ffi-1.9.3.gemspec
I, [2014-01-28T10:20:59.323763 #25100]  INFO -- : 0:  formatador (0.2.4) from /Users/joszczepanska/.rvm/gems/ruby-1.9.3-p484/specifications/formatador-0.2.4.gemspec
I, [2014-01-28T10:20:59.974826 #25100]  INFO -- : 0:  mime-types (2.1) from /Users/joszczepanska/.rvm/gems/ruby-1.9.3-p484/specifications/mime-types-2.1.gemspec
I, [2014-01-28T10:21:00.817820 #25100]  INFO -- : 0:  net-ssh (2.7.0) from /Users/joszczepanska/.rvm/gems/ruby-1.9.3-p484/specifications/net-ssh-2.7.0.gemspec
I, [2014-01-28T10:21:01.350541 #25100]  INFO -- : 0:  net-scp (1.1.2) from /Users/joszczepanska/.rvm/gems/ruby-1.9.3-p484/specifications/net-scp-1.1.2.gemspec
I, [2014-01-28T10:21:01.350945 #25100]  INFO -- : 0:  mini_portile (0.5.2) from /Users/joszczepanska/.rvm/gems/ruby-1.9.3-p484/specifications/mini_portile-0.5.2.gemspec
I, [2014-01-28T10:21:01.351256 #25100]  INFO -- : 0:  nokogiri (1.6.1) from /Users/joszczepanska/.rvm/gems/ruby-1.9.3-p484/specifications/nokogiri-1.6.1.gemspec
I, [2014-01-28T10:21:01.834839 #25100]  INFO -- : 0:  ruby-hmac (0.4.0) from /Users/joszczepanska/.rvm/gems/ruby-1.9.3-p484/specifications/ruby-hmac-0.4.0.gemspec
I, [2014-01-28T10:21:05.318263 #25100]  INFO -- : 0:  fog (1.19.0) from /Users/joszczepanska/.rvm/gems/ruby-1.9.3-p484/specifications/fog-1.19.0.gemspec
I, [2014-01-28T10:21:05.318617 #25100]  INFO -- : 0:  tilt (1.4.1) from /Users/joszczepanska/.rvm/gems/ruby-1.9.3-p484/specifications/tilt-1.4.1.gemspec
I, [2014-01-28T10:21:05.318934 #25100]  INFO -- : 0:  haml (4.0.5) from /Users/joszczepanska/.rvm/gems/ruby-1.9.3-p484/specifications/haml-4.0.5.gemspec
I, [2014-01-28T10:21:05.319253 #25100]  INFO -- : 0:  hike (1.2.3) from /Users/joszczepanska/.rvm/gems/ruby-1.9.3-p484/specifications/hike-1.2.3.gemspec
I, [2014-01-28T10:21:05.319628 #25100]  INFO -- : 0:  kramdown (1.3.1) from /Users/joszczepanska/.rvm/gems/ruby-1.9.3-p484/specifications/kramdown-1.3.1.gemspec
I, [2014-01-28T10:21:05.319944 #25100]  INFO -- : 0:  rb-fsevent (0.9.4) from /Users/joszczepanska/.rvm/gems/ruby-1.9.3-p484/specifications/rb-fsevent-0.9.4.gemspec
I, [2014-01-28T10:21:05.320202 #25100]  INFO -- : 0:  rb-inotify (0.9.3) from /Users/joszczepanska/.rvm/gems/ruby-1.9.3-p484/specifications/rb-inotify-0.9.3.gemspec
I, [2014-01-28T10:21:05.320519 #25100]  INFO -- : 0:  rb-kqueue (0.2.0) from /Users/joszczepanska/.rvm/gems/ruby-1.9.3-p484/specifications/rb-kqueue-0.2.0.gemspec
I, [2014-01-28T10:21:05.840764 #25100]  INFO -- : 0:  listen (1.3.1) from /Users/joszczepanska/.rvm/gems/ruby-1.9.3-p484/specifications/listen-1.3.1.gemspec
I, [2014-01-28T10:21:06.362448 #25100]  INFO -- : 0:  map (6.5.1) from /Users/joszczepanska/.rvm/gems/ruby-1.9.3-p484/specifications/map-6.5.1.gemspec
I, [2014-01-28T10:21:06.362779 #25100]  INFO -- : 0:  bundler (1.5.1) from /Users/joszczepanska/.rvm/gems/ruby-1.9.3-p484@global/specifications/bundler-1.5.1.gemspec
I, [2014-01-28T10:21:07.134882 #25100]  INFO -- : 0:  rack (1.5.2) from /Users/joszczepanska/.rvm/gems/ruby-1.9.3-p484/specifications/rack-1.5.2.gemspec
I, [2014-01-28T10:21:07.135226 #25100]  INFO -- : 0:  rack-test (0.6.2) from /Users/joszczepanska/.rvm/gems/ruby-1.9.3-p484/specifications/rack-test-0.6.2.gemspec
I, [2014-01-28T10:21:07.135476 #25100]  INFO -- : 0:  thor (0.18.1) from /Users/joszczepanska/.rvm/gems/ruby-1.9.3-p484/specifications/thor-0.18.1.gemspec
I, [2014-01-28T10:21:08.869239 #25100]  INFO -- : 0:  middleman-core (3.2.1) from /Users/joszczepanska/.rvm/gems/ruby-1.9.3-p484/specifications/middleman-core-3.2.1.gemspec
I, [2014-01-28T10:21:09.449167 #25100]  INFO -- : 0:  sprockets (2.10.1) from /Users/joszczepanska/.rvm/gems/ruby-1.9.3-p484/specifications/sprockets-2.10.1.gemspec
I, [2014-01-28T10:21:09.449458 #25100]  INFO -- : 0:  sprockets-helpers (1.0.1) from /Users/joszczepanska/.rvm/gems/ruby-1.9.3-p484/specifications/sprockets-helpers-1.0.1.gemspec
I, [2014-01-28T10:21:09.449677 #25100]  INFO -- : 0:  sprockets-sass (1.0.2) from /Users/joszczepanska/.rvm/gems/ruby-1.9.3-p484/specifications/sprockets-sass-1.0.2.gemspec
I, [2014-01-28T10:21:09.449896 #25100]  INFO -- : 0:  middleman-sprockets (3.2.0) from /Users/joszczepanska/.rvm/gems/ruby-1.9.3-p484/specifications/middleman-sprockets-3.2.0.gemspec
I, [2014-01-28T10:21:10.057349 #25100]  INFO -- : 0:  uglifier (2.1.2) from /Users/joszczepanska/.rvm/gems/ruby-1.9.3-p484/specifications/uglifier-2.1.2.gemspec
I, [2014-01-28T10:21:10.563229 #25100]  INFO -- : 0:  middleman (3.2.1) from /Users/joszczepanska/.rvm/gems/ruby-1.9.3-p484/specifications/middleman-3.2.1.gemspec
I, [2014-01-28T10:21:11.278309 #25100]  INFO -- : 0:  rack-livereload (0.3.15) from /Users/joszczepanska/.rvm/gems/ruby-1.9.3-p484/specifications/rack-livereload-0.3.15.gemspec
I, [2014-01-28T10:21:11.754410 #25100]  INFO -- : 0:  middleman-livereload (3.1.0) from /Users/joszczepanska/.rvm/gems/ruby-1.9.3-p484/specifications/middleman-livereload-3.1.0.gemspec
I, [2014-01-28T10:21:12.248442 #25100]  INFO -- : 0:  pmap (1.0.1) from /Users/joszczepanska/.rvm/gems/ruby-1.9.3-p484/specifications/pmap-1.0.1.gemspec
I, [2014-01-28T10:21:12.790121 #25100]  INFO -- : 0:  ruby-progressbar (1.4.0) from /Users/joszczepanska/.rvm/gems/ruby-1.9.3-p484/specifications/ruby-progressbar-1.4.0.gemspec
I, [2014-01-28T10:21:14.940096 #25100]  INFO -- : 0:  unf_ext (0.0.6) from /Users/joszczepanska/.rvm/gems/ruby-1.9.3-p484/specifications/unf_ext-0.0.6.gemspec
I, [2014-01-28T10:21:15.636332 #25100]  INFO -- : 0:  unf (0.1.3) from /Users/joszczepanska/.rvm/gems/ruby-1.9.3-p484/specifications/unf-0.1.3.gemspec
I, [2014-01-28T10:21:16.189607 #25100]  INFO -- : 0:  middleman-s3_sync (3.0.24) from /Users/joszczepanska/.rvm/gems/ruby-1.9.3-p484/specifications/middleman-s3_sync-3.0.24.gemspec
